[main] INFO stepDefinitions.Steps - launching browser
[main] INFO stepDefinitions.Steps - opening URL
[main] INFO stepDefinitions.Steps - entering login information
[main] INFO stepDefinitions.Steps - cliking on login
[main] INFO stepDefinitions.Steps - closing the browser
[main] INFO stepDefinitions.Steps - launching browser
[main] INFO stepDefinitions.Steps - opening URL
[main] INFO stepDefinitions.Steps - entering login information
[main] INFO stepDefinitions.Steps - cliking on login
[main] INFO stepDefinitions.Steps - closing the browser
[main] INFO stepDefinitions.Steps - launching browser
[main] INFO stepDefinitions.Steps - opening URL
[main] INFO stepDefinitions.Steps - entering login information
[main] INFO stepDefinitions.Steps - cliking on login
[main] INFO stepDefinitions.Steps - closing the browser
[main] INFO stepDefinitions.Steps - launching browser
[main] INFO stepDefinitions.Steps - launching browser
[main] INFO stepDefinitions.Steps - opening URL
[main] INFO stepDefinitions.Steps - entering login information
[main] INFO stepDefinitions.Steps - cliking on login
[main] INFO stepDefinitions.Steps - closing the browser
[main] INFO stepDefinitions.Steps - launching browser
[main] INFO stepDefinitions.Steps - opening URL
[main] INFO stepDefinitions.Steps - entering login information
[main] INFO stepDefinitions.Steps - cliking on login
[main] INFO stepDefinitions.Steps - launching browser
[main] INFO stepDefinitions.Steps - opening URL
[main] INFO stepDefinitions.Steps - entering login information
[main] INFO stepDefinitions.Steps - cliking on login
[main] INFO stepDefinitions.Steps - closing the browser
[main] INFO stepDefinitions.Steps - launching browser
[main] INFO stepDefinitions.Steps - opening URL
[main] INFO stepDefinitions.Steps - entering login information
[main] INFO stepDefinitions.Steps - cliking on login
[main] INFO stepDefinitions.Steps - launching browser
[main] INFO stepDefinitions.Steps - opening URL
[main] INFO stepDefinitions.Steps - entering login information
[main] INFO stepDefinitions.Steps - cliking on login
[main] INFO stepDefinitions.Steps - launching browser
[main] INFO stepDefinitions.Steps - opening URL
[main] INFO stepDefinitions.Steps - entering login information
[main] INFO stepDefinitions.Steps - cliking on login
[main] INFO stepDefinitions.Steps - launching browser
[main] INFO stepDefinitions.Steps - opening URL
[main] INFO stepDefinitions.Steps - entering login information
[main] INFO stepDefinitions.Steps - cliking on login
[main] INFO stepDefinitions.Steps - closing the browser
[main] INFO stepDefinitions.Steps - launching browser
[main] INFO stepDefinitions.Steps - launching browser
[main] INFO stepDefinitions.Steps - launching browser
[main] INFO stepDefinitions.Steps - launching browser
[main] INFO stepDefinitions.Steps - launching browser
[main] INFO stepDefinitions.Steps - launching browser
[main] INFO stepDefinitions.Steps - launching browser
[main] INFO stepDefinitions.Steps - opening URL
[main] INFO stepDefinitions.Steps - entering login information
[main] INFO stepDefinitions.Steps - cliking on login
[main] INFO stepDefinitions.Steps - launching browser
[main] INFO stepDefinitions.Steps - opening URL
[main] INFO stepDefinitions.Steps - entering login information
[main] INFO stepDefinitions.Steps - cliking on login
[main] INFO stepDefinitions.Steps - launching browser
[main] INFO stepDefinitions.Steps - launching browser
[main] INFO stepDefinitions.Steps - launching browser
[main] INFO stepDefinitions.Steps - launching browser
[main] INFO stepDefinitions.Steps - launching browser
[main] INFO stepDefinitions.Steps - launching browser
[main] INFO stepDefinitions.Steps - opening URL
[main] INFO stepDefinitions.Steps - entering login information
[main] INFO stepDefinitions.Steps - cliking on login
[main] INFO stepDefinitions.Steps - launching browser
[main] INFO stepDefinitions.Steps - opening URL
[main] INFO stepDefinitions.Steps - entering login information
[main] INFO stepDefinitions.Steps - cliking on login
[main] INFO stepDefinitions.Steps - launching browser
[main] INFO stepDefinitions.Steps - opening URL
[main] INFO stepDefinitions.Steps - entering login information
[main] INFO stepDefinitions.Steps - cliking on login
[main] INFO stepDefinitions.Steps - launching browser
[main] INFO stepDefinitions.Steps - opening URL
[main] INFO stepDefinitions.Steps - entering login information
[main] INFO stepDefinitions.Steps - cliking on login
[main] INFO stepDefinitions.Steps - launching browser
[main] INFO stepDefinitions.Steps - opening URL
[main] INFO stepDefinitions.Steps - entering login information
[main] INFO stepDefinitions.Steps - cliking on login
[main] INFO stepDefinitions.Steps - closing the browser
[main] INFO stepDefinitions.Steps - launching browser
[main] INFO stepDefinitions.Steps - opening URL
[main] INFO stepDefinitions.Steps - entering login information
[main] INFO stepDefinitions.Steps - cliking on login
[main] INFO stepDefinitions.Steps - closing the browser
[main] INFO stepDefinitions.Steps - launching browser
[main] INFO stepDefinitions.Steps - opening URL
[main] INFO stepDefinitions.Steps - entering login information
[main] INFO stepDefinitions.Steps - cliking on login
[main] INFO stepDefinitions.Steps - closing the browser
[main] INFO stepDefinitions.Steps - launching browser
[main] INFO stepDefinitions.Steps - opening URL
[main] INFO stepDefinitions.Steps - entering login information
[main] INFO stepDefinitions.Steps - cliking on login
[main] INFO stepDefinitions.Steps - closing the browser
[main] INFO stepDefinitions.Steps - launching browser
[main] INFO stepDefinitions.Steps - opening URL
[main] INFO stepDefinitions.Steps - entering login information
[main] INFO stepDefinitions.Steps - cliking on login
[main] INFO stepDefinitions.Steps - closing the browser
[main] INFO stepDefinitions.Steps - launching browser
[main] INFO stepDefinitions.Steps - opening URL
[main] INFO stepDefinitions.Steps - entering login information
[main] INFO stepDefinitions.Steps - cliking on login
[main] INFO stepDefinitions.Steps - closing the browser
[main] INFO stepDefinitions.Steps - launching browser
[main] INFO stepDefinitions.Steps - opening URL
[main] INFO stepDefinitions.Steps - entering login information
[main] INFO stepDefinitions.Steps - cliking on login
[main] INFO stepDefinitions.Steps - closing the browser
[main] INFO stepDefinitions.Steps - launching browser
[main] INFO stepDefinitions.Steps - opening URL
[main] INFO stepDefinitions.Steps - entering login information
[main] INFO stepDefinitions.Steps - cliking on login
[main] INFO stepDefinitions.Steps - closing the browser
[main] INFO stepDefinitions.Steps - launching browser
[main] INFO stepDefinitions.Steps - opening URL
[main] INFO stepDefinitions.Steps - launching browser
[main] INFO stepDefinitions.Steps - opening URL
[main] INFO stepDefinitions.Steps - entering login information
[main] INFO stepDefinitions.Steps - cliking on login
[main] INFO stepDefinitions.Steps - closing the browser
[main] INFO stepDefinitions.Steps - launching browser
[main] INFO stepDefinitions.Steps - opening URL
[main] INFO stepDefinitions.Steps - entering login information
[main] INFO stepDefinitions.Steps - cliking on login
[main] INFO stepDefinitions.Steps - closing the browser
[main] INFO stepDefinitions.Steps - launching browser
[main] INFO stepDefinitions.Steps - opening URL
[main] INFO stepDefinitions.Steps - entering login information
[main] INFO stepDefinitions.Steps - cliking on login
[main] INFO stepDefinitions.Steps - closing the browser
[main] INFO stepDefinitions.Steps - launching browser
[main] INFO stepDefinitions.Steps - opening URL
[main] INFO stepDefinitions.Steps - entering login information
[main] INFO stepDefinitions.Steps - cliking on login
[main] INFO stepDefinitions.Steps - closing the browser
